0 info it worked if it ends with ok
1 verbose cli [ '/usr/bin/node', '/usr/bin/npm', 'install', '-g', 'grunt-cli' ]
2 info using npm@1.4.28
3 info using node@v0.10.35
4 verbose node symlink /usr/bin/node
5 verbose cache add [ 'grunt-cli', null ]
6 verbose cache add name=undefined spec="grunt-cli" args=["grunt-cli",null]
7 verbose parsed url { protocol: null,
7 verbose parsed url   slashes: null,
7 verbose parsed url   auth: null,
7 verbose parsed url   host: null,
7 verbose parsed url   port: null,
7 verbose parsed url   hostname: null,
7 verbose parsed url   hash: null,
7 verbose parsed url   search: null,
7 verbose parsed url   query: null,
7 verbose parsed url   pathname: 'grunt-cli',
7 verbose parsed url   path: 'grunt-cli',
7 verbose parsed url   href: 'grunt-cli' }
8 silly lockFile 671ef8ac-grunt-cli grunt-cli
9 verbose lock grunt-cli /home/intruder/.npm/671ef8ac-grunt-cli.lock
10 silly lockFile 671ef8ac-grunt-cli grunt-cli
11 silly lockFile 671ef8ac-grunt-cli grunt-cli
12 verbose addNamed [ 'grunt-cli', '' ]
13 verbose addNamed [ null, '*' ]
14 silly lockFile d63f3d0b-grunt-cli grunt-cli@
15 verbose lock grunt-cli@ /home/intruder/.npm/d63f3d0b-grunt-cli.lock
16 silly addNameRange { name: 'grunt-cli', range: '*', hasData: false }
17 verbose request where is /grunt-cli
18 verbose request registry https://registry.npmjs.org/
19 verbose request id 0d7db98381480e01
20 verbose url raw /grunt-cli
21 verbose url resolving [ 'https://registry.npmjs.org/', './grunt-cli' ]
22 verbose url resolved https://registry.npmjs.org/grunt-cli
23 verbose request where is https://registry.npmjs.org/grunt-cli
24 info trying registry request attempt 1 at 13:52:44
25 http GET https://registry.npmjs.org/grunt-cli
26 http 200 https://registry.npmjs.org/grunt-cli
27 silly registry.get cb [ 200,
27 silly registry.get   { date: 'Mon, 26 Jan 2015 04:52:33 GMT',
27 silly registry.get     server: 'CouchDB/1.5.0 (Erlang OTP/R16B03)',
27 silly registry.get     etag: '"DRM4QWJV7IC4L4Q0VCFQB5ATE"',
27 silly registry.get     'content-type': 'application/json',
27 silly registry.get     'cache-control': 'max-age=60',
27 silly registry.get     'content-length': '20274',
27 silly registry.get     'accept-ranges': 'bytes',
27 silly registry.get     via: '1.1 varnish',
27 silly registry.get     age: '2',
27 silly registry.get     'x-served-by': 'cache-ty67-TYO',
27 silly registry.get     'x-cache': 'HIT',
27 silly registry.get     'x-cache-hits': '4',
27 silly registry.get     'x-timer': 'S1422247953.966532,VS0,VE0',
27 silly registry.get     vary: 'Accept',
27 silly registry.get     'keep-alive': 'timeout=10, max=50',
27 silly registry.get     connection: 'Keep-Alive' } ]
28 silly addNameRange number 2 { name: 'grunt-cli', range: '*', hasData: true }
29 silly addNameRange versions [ 'grunt-cli',
29 silly addNameRange   [ '0.1.0',
29 silly addNameRange     '0.1.1',
29 silly addNameRange     '0.1.2',
29 silly addNameRange     '0.1.3',
29 silly addNameRange     '0.1.4',
29 silly addNameRange     '0.1.5',
29 silly addNameRange     '0.1.6',
29 silly addNameRange     '0.1.7',
29 silly addNameRange     '0.1.8',
29 silly addNameRange     '0.1.9',
29 silly addNameRange     '0.1.10',
29 silly addNameRange     '0.1.11',
29 silly addNameRange     '0.1.12',
29 silly addNameRange     '0.1.13' ] ]
30 verbose addNamed [ 'grunt-cli', '0.1.13' ]
31 verbose addNamed [ '0.1.13', '0.1.13' ]
32 silly lockFile 28997503-grunt-cli-0-1-13 grunt-cli@0.1.13
33 verbose lock grunt-cli@0.1.13 /home/intruder/.npm/28997503-grunt-cli-0-1-13.lock
34 silly lockFile ab76c46e-g-grunt-cli-grunt-cli-0-1-13-tgz https://registry.npmjs.org/grunt-cli/-/grunt-cli-0.1.13.tgz
35 verbose lock https://registry.npmjs.org/grunt-cli/-/grunt-cli-0.1.13.tgz /home/intruder/.npm/ab76c46e-g-grunt-cli-grunt-cli-0-1-13-tgz.lock
36 verbose addRemoteTarball [ 'https://registry.npmjs.org/grunt-cli/-/grunt-cli-0.1.13.tgz',
36 verbose addRemoteTarball   'e9ebc4047631f5012d922770c39378133cad10f4' ]
37 info retry fetch attempt 1 at 13:52:44
38 verbose fetch to= /tmp/npm-30078-0ORnFlmf/registry.npmjs.org/grunt-cli/-/grunt-cli-0.1.13.tgz
39 http GET https://registry.npmjs.org/grunt-cli/-/grunt-cli-0.1.13.tgz
40 http 200 https://registry.npmjs.org/grunt-cli/-/grunt-cli-0.1.13.tgz
41 silly lockFile ab76c46e-g-grunt-cli-grunt-cli-0-1-13-tgz https://registry.npmjs.org/grunt-cli/-/grunt-cli-0.1.13.tgz
42 silly lockFile ab76c46e-g-grunt-cli-grunt-cli-0-1-13-tgz https://registry.npmjs.org/grunt-cli/-/grunt-cli-0.1.13.tgz
43 silly lockFile 28997503-grunt-cli-0-1-13 grunt-cli@0.1.13
44 silly lockFile 28997503-grunt-cli-0-1-13 grunt-cli@0.1.13
45 silly lockFile d63f3d0b-grunt-cli grunt-cli@
46 silly lockFile d63f3d0b-grunt-cli grunt-cli@
47 silly resolved [ { name: 'grunt-cli',
47 silly resolved     description: 'The grunt command line interface.',
47 silly resolved     version: '0.1.13',
47 silly resolved     author: { name: 'Grunt Team' },
47 silly resolved     homepage: 'http://gruntjs.com/',
47 silly resolved     repository: { type: 'git', url: 'git://github.com/gruntjs/grunt-cli.git' },
47 silly resolved     bugs: { url: 'http://github.com/gruntjs/grunt-cli/issues' },
47 silly resolved     licenses: [ [Object] ],
47 silly resolved     bin: { grunt: 'bin/grunt' },
47 silly resolved     engines: { node: '>= 0.8.0' },
47 silly resolved     scripts: { test: 'node bin/grunt test' },
47 silly resolved     preferGlobal: true,
47 silly resolved     dependencies: { nopt: '~1.0.10', 'findup-sync': '~0.1.0', resolve: '~0.3.1' },
47 silly resolved     devDependencies: { grunt: '~0.4.0', 'grunt-contrib-jshint': '~0.2.0' },
47 silly resolved     contributors: [ [Object], [Object], [Object], [Object] ],
47 silly resolved     _id: 'grunt-cli@0.1.13',
47 silly resolved     dist:
47 silly resolved      { shasum: 'e9ebc4047631f5012d922770c39378133cad10f4',
47 silly resolved        tarball: 'http://registry.npmjs.org/grunt-cli/-/grunt-cli-0.1.13.tgz' },
47 silly resolved     _from: 'grunt-cli@',
47 silly resolved     _npmVersion: '1.3.24',
47 silly resolved     _npmUser: { name: 'tkellen', email: 'tyler@sleekcode.net' },
47 silly resolved     maintainers: [ [Object] ],
47 silly resolved     directories: {},
47 silly resolved     _shasum: 'e9ebc4047631f5012d922770c39378133cad10f4',
47 silly resolved     _resolved: 'https://registry.npmjs.org/grunt-cli/-/grunt-cli-0.1.13.tgz' } ]
48 info install grunt-cli@0.1.13 into /usr/lib
49 info installOne grunt-cli@0.1.13
50 verbose lib/node_modules/grunt-cli unbuild
51 verbose tar unpack /home/intruder/.npm/grunt-cli/0.1.13/package.tgz
52 silly lockFile 2107e595-r-usr-lib-node-modules-grunt-cli tar:///usr/lib/node_modules/grunt-cli
53 verbose lock tar:///usr/lib/node_modules/grunt-cli /home/intruder/.npm/2107e595-r-usr-lib-node-modules-grunt-cli.lock
54 silly lockFile 98a3cad3-npm-grunt-cli-0-1-13-package-tgz tar:///home/intruder/.npm/grunt-cli/0.1.13/package.tgz
55 verbose lock tar:///home/intruder/.npm/grunt-cli/0.1.13/package.tgz /home/intruder/.npm/98a3cad3-npm-grunt-cli-0-1-13-package-tgz.lock
56 silly gunzTarPerm modes [ '775', '664' ]
57 error Error: EACCES, mkdir '/usr/lib/node_modules/grunt-cli'
57 error  { [Error: EACCES, mkdir '/usr/lib/node_modules/grunt-cli']
57 error   errno: 3,
57 error   code: 'EACCES',
57 error   path: '/usr/lib/node_modules/grunt-cli',
57 error   fstream_type: 'Directory',
57 error   fstream_path: '/usr/lib/node_modules/grunt-cli',
57 error   fstream_class: 'DirWriter',
57 error   fstream_stack:
57 error    [ '/usr/lib/node_modules/npm/node_modules/fstream/lib/dir-writer.js:36:23',
57 error      '/usr/lib/node_modules/npm/node_modules/mkdirp/index.js:46:53',
57 error      'Object.oncomplete (fs.js:108:15)' ] }
58 error Please try running this command again as root/Administrator.
59 error System Linux 3.13.0-39-generic
60 error command "/usr/bin/node" "/usr/bin/npm" "install" "-g" "grunt-cli"
61 error cwd /var/www/OpenGDSMobile
62 error node -v v0.10.35
63 error npm -v 1.4.28
64 error path /usr/lib/node_modules/grunt-cli
65 error fstream_path /usr/lib/node_modules/grunt-cli
66 error fstream_type Directory
67 error fstream_class DirWriter
68 error code EACCES
69 error errno 3
70 error stack Error: EACCES, mkdir '/usr/lib/node_modules/grunt-cli'
71 error fstream_stack /usr/lib/node_modules/npm/node_modules/fstream/lib/dir-writer.js:36:23
71 error fstream_stack /usr/lib/node_modules/npm/node_modules/mkdirp/index.js:46:53
71 error fstream_stack Object.oncomplete (fs.js:108:15)
72 verbose exit [ 3, true ]
